C:\USERS\CHRIS\DESKTOP\PROGRAMIRANEEPPALGORITMI\CODINGEXERCISES\CODINGEXERCISES\DEBUG\CHAPTER1MERSENNE.OBJ
C:\Users\Chris\Desktop\ProgramiraneEPPAlgoritmi\CodingExercises\CodingExercises\Debug\cl.command.1.tlog
C:\Users\Chris\Desktop\ProgramiraneEPPAlgoritmi\CodingExercises\CodingExercises\Debug\CL.read.1.tlog
C:\Users\Chris\Desktop\ProgramiraneEPPAlgoritmi\CodingExercises\CodingExercises\Debug\CL.write.1.tlog
C:\USERS\CHRIS\DESKTOP\PROGRAMIRANEEPPALGORITMI\CODINGEXERCISES\CODINGEXERCISES\DEBUG\CODINGEXERCISES.EXE.EMBED.MANIFEST
C:\USERS\CHRIS\DESKTOP\PROGRAMIRANEEPPALGORITMI\CODINGEXERCISES\CODINGEXERCISES\DEBUG\CODINGEXERCISES.EXE.EMBED.MANIFEST.RES
C:\USERS\CHRIS\DESKTOP\PROGRAMIRANEEPPALGORITMI\CODINGEXERCISES\CODINGEXERCISES\DEBUG\CODINGEXERCISES.EXE.INTERMEDIATE.MANIFEST
C:\Users\Chris\Desktop\ProgramiraneEPPAlgoritmi\CodingExercises\CodingExercises\Debug\CodingExercises.vcxprojResolveAssemblyReference.cache
C:\Users\Chris\Desktop\ProgramiraneEPPAlgoritmi\CodingExercises\CodingExercises\Debug\CodingExercises.write.1.tlog
C:\Users\Chris\Desktop\ProgramiraneEPPAlgoritmi\CodingExercises\CodingExercises\Debug\CodingExercises_manifest.rc
C:\Users\Chris\Desktop\ProgramiraneEPPAlgoritmi\CodingExercises\CodingExercises\Debug\link.620.read.1.tlog
C:\Users\Chris\Desktop\ProgramiraneEPPAlgoritmi\CodingExercises\CodingExercises\Debug\link.620.write.1.tlog
C:\Users\Chris\Desktop\ProgramiraneEPPAlgoritmi\CodingExercises\CodingExercises\Debug\link.620-cvtres.read.1.tlog
C:\Users\Chris\Desktop\ProgramiraneEPPAlgoritmi\CodingExercises\CodingExercises\Debug\link.620-cvtres.write.1.tlog
C:\Users\Chris\Desktop\ProgramiraneEPPAlgoritmi\CodingExercises\CodingExercises\Debug\link.6956.read.1.tlog
C:\Users\Chris\Desktop\ProgramiraneEPPAlgoritmi\CodingExercises\CodingExercises\Debug\link.6956.write.1.tlog
C:\Users\Chris\Desktop\ProgramiraneEPPAlgoritmi\CodingExercises\CodingExercises\Debug\link.6956-cvtres.read.1.tlog
C:\Users\Chris\Desktop\ProgramiraneEPPAlgoritmi\CodingExercises\CodingExercises\Debug\link.6956-cvtres.write.1.tlog
C:\Users\Chris\Desktop\ProgramiraneEPPAlgoritmi\CodingExercises\CodingExercises\Debug\link.7840.read.1.tlog
C:\Users\Chris\Desktop\ProgramiraneEPPAlgoritmi\CodingExercises\CodingExercises\Debug\link.7840.write.1.tlog
C:\Users\Chris\Desktop\ProgramiraneEPPAlgoritmi\CodingExercises\CodingExercises\Debug\link.7840-cvtres.read.1.tlog
C:\Users\Chris\Desktop\ProgramiraneEPPAlgoritmi\CodingExercises\CodingExercises\Debug\link.7840-cvtres.write.1.tlog
C:\Users\Chris\Desktop\ProgramiraneEPPAlgoritmi\CodingExercises\CodingExercises\Debug\link.command.1.tlog
C:\Users\Chris\Desktop\ProgramiraneEPPAlgoritmi\CodingExercises\CodingExercises\Debug\link.read.1.tlog
C:\Users\Chris\Desktop\ProgramiraneEPPAlgoritmi\CodingExercises\CodingExercises\Debug\link.write.1.tlog
C:\Users\Chris\Desktop\ProgramiraneEPPAlgoritmi\CodingExercises\CodingExercises\Debug\link-cvtres.read.1.tlog
C:\Users\Chris\Desktop\ProgramiraneEPPAlgoritmi\CodingExercises\CodingExercises\Debug\link-cvtres.write.1.tlog
C:\Users\Chris\Desktop\ProgramiraneEPPAlgoritmi\CodingExercises\CodingExercises\Debug\mt.command.1.tlog
C:\Users\Chris\Desktop\ProgramiraneEPPAlgoritmi\CodingExercises\CodingExercises\Debug\mt.read.1.tlog
C:\Users\Chris\Desktop\ProgramiraneEPPAlgoritmi\CodingExercises\CodingExercises\Debug\mt.write.1.tlog
C:\Users\Chris\Desktop\ProgramiraneEPPAlgoritmi\CodingExercises\CodingExercises\Debug\rc.command.1.tlog
C:\Users\Chris\Desktop\ProgramiraneEPPAlgoritmi\CodingExercises\CodingExercises\Debug\rc.read.1.tlog
C:\Users\Chris\Desktop\ProgramiraneEPPAlgoritmi\CodingExercises\CodingExercises\Debug\rc.write.1.tlog
C:\Users\Chris\Desktop\ProgramiraneEPPAlgoritmi\CodingExercises\CodingExercises\Debug\vc100.idb
C:\USERS\CHRIS\DESKTOP\PROGRAMIRANEEPPALGORITMI\CODINGEXERCISES\CODINGEXERCISES\DEBUG\VC100.PDB
C:\USERS\CHRIS\DESKTOP\PROGRAMIRANEEPPALGORITMI\CODINGEXERCISES\DEBUG\CODINGEXERCISES.EXE
C:\USERS\CHRIS\DESKTOP\PROGRAMIRANEEPPALGORITMI\CODINGEXERCISES\DEBUG\CODINGEXERCISES.ILK
C:\USERS\CHRIS\DESKTOP\PROGRAMIRANEEPPALGORITMI\CODINGEXERCISES\DEBUG\CODINGEXERCISES.PDB
